app/build/intermediates/manifest_merge_blame_file/debug/manifest-merger-blame-debug-report.txt
1<?xml version="1.0" encoding="utf-8"?>
2<manifest xmlns:android="http://schemas.android.com/apk/res/android"
3    package="com.koltaapp.kolta"
4    android:versionCode="1"
5    android:versionName="1.0" >
6
7    <uses-sdk
8        android:minSdkVersion="21"
8-->src\main\AndroidManifest.xml
9        android:targetSdkVersion="29" />
9-->src\main\AndroidManifest.xml
10
11    <uses-permission android:name="android.permission.INTERNET" />
11-->src\main\AndroidManifest.xml:5:5-67
11-->src\main\AndroidManifest.xml:5:22-64
12
13    <!-- Although the *SdkVersion is captured in gradle build files, this is required for non gradle builds -->
14    <!-- <uses-sdk android:minSdkVersion="14"/> -->
15    <uses-permission android:name="android.permission.ACCESS_NETWORK_STATE" />
15-->[com.google.firebase:firebase-database:19.2.1] AndroidManifest.xml:25:5-79
15-->[com.google.firebase:firebase-database:19.2.1] AndroidManifest.xml:25:22-76
16
17    <application
17-->src\main\AndroidManifest.xml:7:5-61:19
18        android:allowBackup="true"
18-->src\main\AndroidManifest.xml:8:9-35
19        android:appComponentFactory="androidx.core.app.CoreComponentFactory"
19-->[androidx.core:core:1.1.0] AndroidManifest.xml:24:18-86
20        android:debuggable="true"
21        android:icon="@mipmap/ic_launcher"
21-->src\main\AndroidManifest.xml:9:9-43
22        android:label="@string/app_name"
22-->src\main\AndroidManifest.xml:10:9-41
23        android:roundIcon="@mipmap/ic_launcher_round"
23-->src\main\AndroidManifest.xml:11:9-54
24        android:supportsRtl="true"
24-->src\main\AndroidManifest.xml:12:9-35
25        android:testOnly="true"
26        android:theme="@style/AppTheme" >
26-->src\main\AndroidManifest.xml:13:9-40
27        <activity android:name="com.koltaapp.kolta.StudentRevisiDetailAct" />
27-->src\main\AndroidManifest.xml:14:9-69
27-->src\main\AndroidManifest.xml:14:19-57
28        <activity android:name="com.koltaapp.kolta.StudentRevisiMainAct" />
28-->src\main\AndroidManifest.xml:15:9-58
28-->src\main\AndroidManifest.xml:15:19-55
29        <activity android:name="com.koltaapp.kolta.RevisiDetailAct" />
29-->src\main\AndroidManifest.xml:16:9-53
29-->src\main\AndroidManifest.xml:16:19-50
30        <activity android:name="com.koltaapp.kolta.AddRevisiAct" />
30-->src\main\AndroidManifest.xml:17:9-50
30-->src\main\AndroidManifest.xml:17:19-47
31        <activity android:name="com.koltaapp.kolta.RevisiTaskAct" />
31-->src\main\AndroidManifest.xml:18:9-51
31-->src\main\AndroidManifest.xml:18:19-48
32        <activity android:name="com.koltaapp.kolta.RevisiMainAct" />
32-->src\main\AndroidManifest.xml:19:9-51
32-->src\main\AndroidManifest.xml:19:19-48
33        <activity android:name="com.koltaapp.kolta.FinalDocAct" />
33-->src\main\AndroidManifest.xml:20:9-49
33-->src\main\AndroidManifest.xml:20:19-46
34        <activity android:name="com.koltaapp.kolta.JadwalStudentAct" />
34-->src\main\AndroidManifest.xml:21:9-54
34-->src\main\AndroidManifest.xml:21:19-51
35        <activity android:name="com.koltaapp.kolta.StudentBimbinganDetailAct" />
35-->src\main\AndroidManifest.xml:22:9-63
35-->src\main\AndroidManifest.xml:22:19-60
36        <activity android:name="com.koltaapp.kolta.DosenDetailAct" />
36-->src\main\AndroidManifest.xml:23:9-52
36-->src\main\AndroidManifest.xml:23:19-49
37        <activity android:name="com.koltaapp.kolta.StudentPresensiMainAct" />
37-->src\main\AndroidManifest.xml:24:9-60
37-->src\main\AndroidManifest.xml:24:19-57
38        <activity android:name="com.koltaapp.kolta.StudentBimbinganMainAct" />
38-->src\main\AndroidManifest.xml:25:9-61
38-->src\main\AndroidManifest.xml:25:19-58
39        <activity android:name="com.koltaapp.kolta.DosenListAct" />
39-->src\main\AndroidManifest.xml:26:9-50
39-->src\main\AndroidManifest.xml:26:19-47
40        <activity android:name="com.koltaapp.kolta.AddPresensiAct" />
40-->src\main\AndroidManifest.xml:27:9-52
40-->src\main\AndroidManifest.xml:27:19-49
41        <activity android:name="com.koltaapp.kolta.PresensiStudentAct" />
41-->src\main\AndroidManifest.xml:28:9-56
41-->src\main\AndroidManifest.xml:28:19-53
42        <activity android:name="com.koltaapp.kolta.KehadiranMainAct" />
42-->src\main\AndroidManifest.xml:29:9-54
42-->src\main\AndroidManifest.xml:29:19-51
43        <activity android:name="com.koltaapp.kolta.TaskMainAct" />
43-->src\main\AndroidManifest.xml:30:9-49
43-->src\main\AndroidManifest.xml:30:19-46
44        <activity android:name="com.koltaapp.kolta.JadwalTeacherAct" />
44-->src\main\AndroidManifest.xml:31:9-54
44-->src\main\AndroidManifest.xml:31:19-51
45        <activity android:name="com.koltaapp.kolta.TaskDetailAct" />
45-->src\main\AndroidManifest.xml:32:9-51
45-->src\main\AndroidManifest.xml:32:19-48
46        <activity android:name="com.koltaapp.kolta.AddTaskAct" />
46-->src\main\AndroidManifest.xml:33:9-48
46-->src\main\AndroidManifest.xml:33:19-45
47        <activity android:name="com.koltaapp.kolta.StudentDetailActivity" />
47-->src\main\AndroidManifest.xml:34:9-59
47-->src\main\AndroidManifest.xml:34:19-56
48        <activity android:name="com.koltaapp.kolta.StudentListActivity" />
48-->src\main\AndroidManifest.xml:35:9-57
48-->src\main\AndroidManifest.xml:35:19-54
49        <activity android:name="com.koltaapp.kolta.TaskTeacherActivity" />
49-->src\main\AndroidManifest.xml:36:9-57
49-->src\main\AndroidManifest.xml:36:19-54
50        <activity android:name="com.koltaapp.kolta.ProfileEditTeacherActivity" />
50-->src\main\AndroidManifest.xml:37:9-64
50-->src\main\AndroidManifest.xml:37:19-61
51        <activity android:name="com.koltaapp.kolta.ProfilTeacherActivity" />
51-->src\main\AndroidManifest.xml:38:9-59
51-->src\main\AndroidManifest.xml:38:19-56
52        <activity android:name="com.koltaapp.kolta.HomePageTeacherActivity" />
52-->src\main\AndroidManifest.xml:39:9-61
52-->src\main\AndroidManifest.xml:39:19-58
53        <activity android:name="com.koltaapp.kolta.SignInTeacherActivity" />
53-->src\main\AndroidManifest.xml:40:9-59
53-->src\main\AndroidManifest.xml:40:19-56
54        <activity android:name="com.koltaapp.kolta.ChooseLoginRoleActivity" />
54-->src\main\AndroidManifest.xml:41:9-61
54-->src\main\AndroidManifest.xml:41:19-58
55        <activity android:name="com.koltaapp.kolta.BimbinganStudentAct" />
55-->src\main\AndroidManifest.xml:42:9-57
55-->src\main\AndroidManifest.xml:42:19-54
56        <activity android:name="com.koltaapp.kolta.EditProfilActivity" />
56-->src\main\AndroidManifest.xml:43:9-56
56-->src\main\AndroidManifest.xml:43:19-53
57        <activity android:name="com.koltaapp.kolta.ProfilActivity" />
57-->src\main\AndroidManifest.xml:44:9-52
57-->src\main\AndroidManifest.xml:44:19-49
58        <activity android:name="com.koltaapp.kolta.HomePageActivity" />
58-->src\main\AndroidManifest.xml:45:9-54
58-->src\main\AndroidManifest.xml:45:19-51
59        <activity android:name="com.koltaapp.kolta.UserSignupActivity" />
59-->src\main\AndroidManifest.xml:46:9-56
59-->src\main\AndroidManifest.xml:46:19-53
60        <activity android:name="com.koltaapp.kolta.GetStartedActivity" />
60-->src\main\AndroidManifest.xml:47:9-56
60-->src\main\AndroidManifest.xml:47:19-53
61        <activity android:name="com.koltaapp.kolta.ChooseRoleActivity" />
61-->src\main\AndroidManifest.xml:48:9-56
61-->src\main\AndroidManifest.xml:48:19-53
62        <activity android:name="com.koltaapp.kolta.RegisterTeacherTwoActivity" />
62-->src\main\AndroidManifest.xml:49:9-64
62-->src\main\AndroidManifest.xml:49:19-61
63        <activity android:name="com.koltaapp.kolta.RegisterTeacherOneActivity" />
63-->src\main\AndroidManifest.xml:50:9-64
63-->src\main\AndroidManifest.xml:50:19-61
64        <activity android:name="com.koltaapp.kolta.RegisterStudentTwoActivity" />
64-->src\main\AndroidManifest.xml:51:9-64
64-->src\main\AndroidManifest.xml:51:19-61
65        <activity android:name="com.koltaapp.kolta.RegisterStudentOneActivity" />
65-->src\main\AndroidManifest.xml:52:9-64
65-->src\main\AndroidManifest.xml:52:19-61
66        <activity android:name="com.koltaapp.kolta.SignInActivity" />
66-->src\main\AndroidManifest.xml:53:9-52
66-->src\main\AndroidManifest.xml:53:19-49
67        <activity android:name="com.koltaapp.kolta.SplashScreenActivity" >
67-->src\main\AndroidManifest.xml:54:9-60:20
67-->src\main\AndroidManifest.xml:54:19-55
68            <intent-filter>
68-->src\main\AndroidManifest.xml:55:13-59:29
69                <action android:name="android.intent.action.MAIN" />
69-->src\main\AndroidManifest.xml:56:17-69
69-->src\main\AndroidManifest.xml:56:25-66
70
71                <category android:name="android.intent.category.LAUNCHER" />
71-->src\main\AndroidManifest.xml:58:17-77
71-->src\main\AndroidManifest.xml:58:27-74
72            </intent-filter>
73        </activity>
74
75        <service
75-->[com.google.firebase:firebase-database:19.2.1] AndroidManifest.xml:29:9-35:19
76            android:name="com.google.firebase.components.ComponentDiscoveryService"
76-->[com.google.firebase:firebase-database:19.2.1] AndroidManifest.xml:30:13-84
77            android:directBootAware="true"
77-->[com.google.firebase:firebase-common:19.3.0] AndroidManifest.xml:34:13-43
78            android:exported="false" >
78-->[com.google.firebase:firebase-database:19.2.1] AndroidManifest.xml:31:13-37
79            <meta-data
79-->[com.google.firebase:firebase-database:19.2.1] AndroidManifest.xml:32:13-34:85
80                android:name="com.google.firebase.components:com.google.firebase.database.DatabaseRegistrar"
80-->[com.google.firebase:firebase-database:19.2.1] AndroidManifest.xml:33:17-109
81                android:value="com.google.firebase.components.ComponentRegistrar" />
81-->[com.google.firebase:firebase-database:19.2.1] AndroidManifest.xml:34:17-82
82            <meta-data
82-->[com.google.firebase:firebase-storage:19.1.1] AndroidManifest.xml:33:13-35:85
83                android:name="com.google.firebase.components:com.google.firebase.storage.StorageRegistrar"
83-->[com.google.firebase:firebase-storage:19.1.1] AndroidManifest.xml:34:17-107
84                android:value="com.google.firebase.components.ComponentRegistrar" />
84-->[com.google.firebase:firebase-storage:19.1.1] AndroidManifest.xml:35:17-82
85        </service>
86
87        <activity
87-->[com.google.android.gms:play-services-base:17.0.0] AndroidManifest.xml:23:9-26:75
88            android:name="com.google.android.gms.common.api.GoogleApiActivity"
88-->[com.google.android.gms:play-services-base:17.0.0] AndroidManifest.xml:24:13-79
89            android:exported="false"
89-->[com.google.android.gms:play-services-base:17.0.0] AndroidManifest.xml:25:13-37
90            android:theme="@android:style/Theme.Translucent.NoTitleBar" />
90-->[com.google.android.gms:play-services-base:17.0.0] AndroidManifest.xml:26:13-72
91
92        <provider
92-->[com.google.firebase:firebase-common:19.3.0] AndroidManifest.xml:26:9-30:39
93            android:name="com.google.firebase.provider.FirebaseInitProvider"
93-->[com.google.firebase:firebase-common:19.3.0] AndroidManifest.xml:27:13-77
94            android:authorities="com.koltaapp.kolta.firebaseinitprovider"
94-->[com.google.firebase:firebase-common:19.3.0] AndroidManifest.xml:28:13-72
95            android:exported="false"
95-->[com.google.firebase:firebase-common:19.3.0] AndroidManifest.xml:29:13-37
96            android:initOrder="100" />
96-->[com.google.firebase:firebase-common:19.3.0] AndroidManifest.xml:30:13-36
97
98        <meta-data
98-->[com.google.android.gms:play-services-basement:17.0.0] AndroidManifest.xml:23:9-25:69
99            android:name="com.google.android.gms.version"
99-->[com.google.android.gms:play-services-basement:17.0.0] AndroidManifest.xml:24:13-58
100            android:value="@integer/google_play_services_version" />
100-->[com.google.android.gms:play-services-basement:17.0.0] AndroidManifest.xml:25:13-66
101    </application>
102
103</manifest>